build/outputs/logs/manifest-merger-debug-report.txt
-- Merging decision tree log ---
manifest
ADDED from Desktop\YangTalkback_NR\AndroidManifest.xml:2:1-119:12
INJECTED from Desktop\YangTalkback_NR\AndroidManifest.xml:2:1-119:12
INJECTED from Desktop\YangTalkback_NR\AndroidManifest.xml:2:1-119:12
MERGED from [com.liuguodong:buglib:1.0.3] AndroidManifest.xml:2:1-42:12
INJECTED from Desktop\YangTalkback_NR\AndroidManifest.xml:2:1-119:12
INJECTED from Desktop\YangTalkback_NR\AndroidManifest.xml:2:1-119:12
	package
		ADDED from Desktop\YangTalkback_NR\AndroidManifest.xml:3:5-31
	android:versionName
		ADDED from Desktop\YangTalkback_NR\AndroidManifest.xml:5:5-30
		INJECTED from Desktop\YangTalkback_NR\AndroidManifest.xml
		INJECTED from Desktop\YangTalkback_NR\AndroidManifest.xml
	xmlns:android
		ADDED from Desktop\YangTalkback_NR\AndroidManifest.xml:2:11-69
	android:versionCode
		ADDED from Desktop\YangTalkback_NR\AndroidManifest.xml:4:5-28
		INJECTED from Desktop\YangTalkback_NR\AndroidManifest.xml
		INJECTED from Desktop\YangTalkback_NR\AndroidManifest.xml
uses-sdk
ADDED from Desktop\YangTalkback_NR\AndroidManifest.xml:6:5-47
INJECTED from Desktop\YangTalkback_NR\AndroidManifest.xml:6:5-47
MERGED from [com.liuguodong:buglib:1.0.3] AndroidManifest.xml:8:5-10:41
MERGED from [com.liuguodong:buglib:1.0.3] AndroidManifest.xml:8:5-10:41
INJECTED from Desktop\YangTalkback_NR\AndroidManifest.xml:6:5-47
	android:targetSdkVersion
		ADDED from Desktop\YangTalkback_NR\AndroidManifest.xml:6:15-44
	android:minSdkVersion
		INJECTED from Desktop\YangTalkback_NR\AndroidManifest.xml
		ADDED from Desktop\YangTalkback_NR\AndroidManifest.xml:6:5-47
		INJECTED from Desktop\YangTalkback_NR\AndroidManifest.xml
uses-permission#android.permission.SET_DEBUG_APP
ADDED from Desktop\YangTalkback_NR\AndroidManifest.xml:7:5-8:23
	android:name
		ADDED from Desktop\YangTalkback_NR\AndroidManifest.xml:7:22-69
uses-permission#android.permission.DISABLE_KEYGUARD
ADDED from Desktop\YangTalkback_NR\AndroidManifest.xml:9:5-75
MERGED from [com.liuguodong:buglib:1.0.3] AndroidManifest.xml:24:5-75
MERGED from [com.liuguodong:buglib:1.0.3] AndroidManifest.xml:24:5-75
	android:name
		ADDED from Desktop\YangTalkback_NR\AndroidManifest.xml:9:22-72
uses-permission#android.permission.READ_INPUT_STATE
ADDED from Desktop\YangTalkback_NR\AndroidManifest.xml:10:5-75
	android:name
		ADDED from Desktop\YangTalkback_NR\AndroidManifest.xml:10:22-72
uses-permission#android.permission.BLUETOOTH
ADDED from Desktop\YangTalkback_NR\AndroidManifest.xml:11:5-68
	android:name
		ADDED from Desktop\YangTalkback_NR\AndroidManifest.xml:11:22-65
uses-permission#android.permission.BLUETOOTH_ADMIN
ADDED from Desktop\YangTalkback_NR\AndroidManifest.xml:12:5-74
	android:name
		ADDED from Desktop\YangTalkback_NR\AndroidManifest.xml:12:22-71
uses-permission#android.permission.BLUETOOTH_PRIVILEGED
ADDED from Desktop\YangTalkback_NR\AndroidManifest.xml:13:5-79
	android:name
		ADDED from Desktop\YangTalkback_NR\AndroidManifest.xml:13:22-76
uses-permission#android.permission.CAMERA
ADDED from Desktop\YangTalkback_NR\AndroidManifest.xml:14:5-65
	android:name
		ADDED from Desktop\YangTalkback_NR\AndroidManifest.xml:14:22-62
uses-permission#android.permission.RECORD_VIDEO
ADDED from Desktop\YangTalkback_NR\AndroidManifest.xml:15:5-71
	android:name
		ADDED from Desktop\YangTalkback_NR\AndroidManifest.xml:15:22-68
uses-permission#android.permission.RECORD_AUDIO
ADDED from Desktop\YangTalkback_NR\AndroidManifest.xml:16:5-71
	android:name
		ADDED from Desktop\YangTalkback_NR\AndroidManifest.xml:16:22-68
uses-permission#android.permission.VIBRATE
ADDED from Desktop\YangTalkback_NR\AndroidManifest.xml:17:5-66
MERGED from [com.liuguodong:buglib:1.0.3] AndroidManifest.xml:16:5-66
MERGED from [com.liuguodong:buglib:1.0.3] AndroidManifest.xml:16:5-66
MERGED from [com.liuguodong:buglib:1.0.3] AndroidManifest.xml:22:5-66
MERGED from [com.liuguodong:buglib:1.0.3] AndroidManifest.xml:22:5-66
	android:name
		ADDED from Desktop\YangTalkback_NR\AndroidManifest.xml:17:22-63
uses-permission#android.permission.ACCESS_COARSE_LOCATION
ADDED from Desktop\YangTalkback_NR\AndroidManifest.xml:18:5-81
MERGED from [com.liuguodong:buglib:1.0.3] AndroidManifest.xml:33:5-81
MERGED from [com.liuguodong:buglib:1.0.3] AndroidManifest.xml:33:5-81
	android:name
		ADDED from Desktop\YangTalkback_NR\AndroidManifest.xml:18:22-78
uses-permission#android.permission.ACCESS_FINE_LOCATION
ADDED from Desktop\YangTalkback_NR\AndroidManifest.xml:19:5-79
MERGED from [com.liuguodong:buglib:1.0.3] AndroidManifest.xml:34:5-79
MERGED from [com.liuguodong:buglib:1.0.3] AndroidManifest.xml:34:5-79
	android:name
		ADDED from Desktop\YangTalkback_NR\AndroidManifest.xml:19:22-76
uses-permission#android.permission.ACCESS_NETWORK_STATE
ADDED from Desktop\YangTalkback_NR\AndroidManifest.xml:20:5-79
MERGED from [com.liuguodong:buglib:1.0.3] AndroidManifest.xml:19:5-79
MERGED from [com.liuguodong:buglib:1.0.3] AndroidManifest.xml:19:5-79
	android:name
		ADDED from Desktop\YangTalkback_NR\AndroidManifest.xml:20:22-76
uses-permission#android.permission.STORAGE
ADDED from Desktop\YangTalkback_NR\AndroidManifest.xml:21:5-66
	android:name
		ADDED from Desktop\YangTalkback_NR\AndroidManifest.xml:21:22-63
uses-permission#android.permission.READ_LOGS
ADDED from Desktop\YangTalkback_NR\AndroidManifest.xml:22:5-68
	android:name
		ADDED from Desktop\YangTalkback_NR\AndroidManifest.xml:22:22-65
uses-permission#android.permission.MODIFY_AUDIO_SETTINGS
ADDED from Desktop\YangTalkback_NR\AndroidManifest.xml:23:5-80
MERGED from [com.liuguodong:buglib:1.0.3] AndroidManifest.xml:23:5-80
MERGED from [com.liuguodong:buglib:1.0.3] AndroidManifest.xml:23:5-80
	android:name
		ADDED from Desktop\YangTalkback_NR\AndroidManifest.xml:23:22-77
uses-permission#android.permission.RECEIVE_BOOT_COMPLETED
ADDED from Desktop\YangTalkback_NR\AndroidManifest.xml:24:5-81
	android:name
		ADDED from Desktop\YangTalkback_NR\AndroidManifest.xml:24:22-78
uses-permission#android.permission.RECEIVE_QUICKBOOT_POWERON
ADDED from Desktop\YangTalkback_NR\AndroidManifest.xml:25:5-84
	android:name
		ADDED from Desktop\YangTalkback_NR\AndroidManifest.xml:25:22-81
uses-permission#android.permission.WAKE_LOCK
ADDED from Desktop\YangTalkback_NR\AndroidManifest.xml:26:5-68
	android:name
		ADDED from Desktop\YangTalkback_NR\AndroidManifest.xml:26:22-65
uses-permission#android.permission.READ_EXTERNAL_STORAGE
ADDED from Desktop\YangTalkback_NR\AndroidManifest.xml:27:5-80
	android:name
		ADDED from Desktop\YangTalkback_NR\AndroidManifest.xml:27:22-77
uses-feature#android.hardware.camera
ADDED from Desktop\YangTalkback_NR\AndroidManifest.xml:28:5-60
	android:name
		ADDED from Desktop\YangTalkback_NR\AndroidManifest.xml:28:19-57
uses-feature#android.hardware.microphone
ADDED from Desktop\YangTalkback_NR\AndroidManifest.xml:29:5-64
	android:name
		ADDED from Desktop\YangTalkback_NR\AndroidManifest.xml:29:19-61
uses-permission#android.permission.ACCESS_WIFI_STATE
ADDED from Desktop\YangTalkback_NR\AndroidManifest.xml:38:5-76
MERGED from [com.liuguodong:buglib:1.0.3] AndroidManifest.xml:28:5-76
MERGED from [com.liuguodong:buglib:1.0.3] AndroidManifest.xml:28:5-76
	android:name
		ADDED from Desktop\YangTalkback_NR\AndroidManifest.xml:38:22-73
uses-permission#android.permission.CHANGE_WIFI_STATE
ADDED from Desktop\YangTalkback_NR\AndroidManifest.xml:40:5-76
MERGED from [com.liuguodong:buglib:1.0.3] AndroidManifest.xml:29:5-76
MERGED from [com.liuguodong:buglib:1.0.3] AndroidManifest.xml:29:5-76
	android:name
		ADDED from Desktop\YangTalkback_NR\AndroidManifest.xml:40:22-73
uses-permission#android.permission.INTERNET
ADDED from Desktop\YangTalkback_NR\AndroidManifest.xml:42:5-67
MERGED from [com.liuguodong:buglib:1.0.3] AndroidManifest.xml:20:5-67
MERGED from [com.liuguodong:buglib:1.0.3] AndroidManifest.xml:20:5-67
	android:name
		ADDED from Desktop\YangTalkback_NR\AndroidManifest.xml:42:22-64
uses-permission#android.permission.READ_PHONE_STATE
ADDED from Desktop\YangTalkback_NR\AndroidManifest.xml:44:5-75
MERGED from [com.liuguodong:buglib:1.0.3] AndroidManifest.xml:21:5-75
MERGED from [com.liuguodong:buglib:1.0.3] AndroidManifest.xml:21:5-75
	android:name
		ADDED from Desktop\YangTalkback_NR\AndroidManifest.xml:44:22-72
uses-permission#android.permission.MOUNT_UNMOUNT_FILESYSTEMS
ADDED from Desktop\YangTalkback_NR\AndroidManifest.xml:46:5-84
MERGED from [com.liuguodong:buglib:1.0.3] AndroidManifest.xml:12:5-84
MERGED from [com.liuguodong:buglib:1.0.3] AndroidManifest.xml:12:5-84
	android:name
		ADDED from Desktop\YangTalkback_NR\AndroidManifest.xml:46:22-81
uses-permission#android.permission.WRITE_EXTERNAL_STORAGE
ADDED from Desktop\YangTalkback_NR\AndroidManifest.xml:48:5-81
MERGED from [com.liuguodong:buglib:1.0.3] AndroidManifest.xml:14:5-81
MERGED from [com.liuguodong:buglib:1.0.3] AndroidManifest.xml:14:5-81
	android:name
		ADDED from Desktop\YangTalkback_NR\AndroidManifest.xml:48:22-78
uses-permission#android.permission.ACCESS_LOCATION_EXTRA_COMMANDS
ADDED from Desktop\YangTalkback_NR\AndroidManifest.xml:50:5-89
	android:name
		ADDED from Desktop\YangTalkback_NR\AndroidManifest.xml:50:22-86
application
ADDED from Desktop\YangTalkback_NR\AndroidManifest.xml:52:5-117:19
MERGED from [com.liuguodong:buglib:1.0.3] AndroidManifest.xml:36:5-40:19
MERGED from [com.liuguodong:buglib:1.0.3] AndroidManifest.xml:36:5-40:19
	android:label
		ADDED from Desktop\YangTalkback_NR\AndroidManifest.xml:55:9-41
	android:launchMode
		ADDED from Desktop\YangTalkback_NR\AndroidManifest.xml:56:9-44
	android:configChanges
		ADDED from Desktop\YangTalkback_NR\AndroidManifest.xml:53:9-44
	android:icon
		ADDED from Desktop\YangTalkback_NR\AndroidManifest.xml:54:9-38
	android:theme
		ADDED from Desktop\YangTalkback_NR\AndroidManifest.xml:57:9-40
meta-data#com.amap.api.v2.apikey
ADDED from Desktop\YangTalkback_NR\AndroidManifest.xml:58:9-60:64
	android:value
		ADDED from Desktop\YangTalkback_NR\AndroidManifest.xml:60:13-61
	android:name
		ADDED from Desktop\YangTalkback_NR\AndroidManifest.xml:59:13-50
activity#yangTalkback.Act.actLogin
ADDED from Desktop\YangTalkback_NR\AndroidManifest.xml:61:9-55
	android:name
		ADDED from Desktop\YangTalkback_NR\AndroidManifest.xml:61:19-43
activity#yangTalkback.Act.actLoading
ADDED from Desktop\YangTalkback_NR\AndroidManifest.xml:62:9-70:20
	android:screenOrientation
		ADDED from Desktop\YangTalkback_NR\AndroidManifest.xml:64:13-49
	android:name
		ADDED from Desktop\YangTalkback_NR\AndroidManifest.xml:63:13-39
intent-filter#action:name:android.intent.action.MAIN+category:name:android.intent.category.LAUNCHER
ADDED from Desktop\YangTalkback_NR\AndroidManifest.xml:65:13-69:29
action#android.intent.action.MAIN
ADDED from Desktop\YangTalkback_NR\AndroidManifest.xml:66:17-69
	android:name
		ADDED from Desktop\YangTalkback_NR\AndroidManifest.xml:66:25-66
category#android.intent.category.LAUNCHER
ADDED from Desktop\YangTalkback_NR\AndroidManifest.xml:68:17-77
	android:name
		ADDED from Desktop\YangTalkback_NR\AndroidManifest.xml:68:27-74
activity#yangTalkback.Act.actMain
ADDED from Desktop\YangTalkback_NR\AndroidManifest.xml:71:9-73:61
	android:screenOrientation
		ADDED from Desktop\YangTalkback_NR\AndroidManifest.xml:73:13-49
	android:name
		ADDED from Desktop\YangTalkback_NR\AndroidManifest.xml:72:13-36
activity#yangTalkback.Act.actRecord
ADDED from Desktop\YangTalkback_NR\AndroidManifest.xml:74:9-76:61
	android:screenOrientation
		ADDED from Desktop\YangTalkback_NR\AndroidManifest.xml:76:13-49
	android:name
		ADDED from Desktop\YangTalkback_NR\AndroidManifest.xml:75:13-38
activity#yangTalkback.Act.actTalkback
ADDED from Desktop\YangTalkback_NR\AndroidManifest.xml:77:9-79:61
	android:screenOrientation
		ADDED from Desktop\YangTalkback_NR\AndroidManifest.xml:79:13-49
	android:name
		ADDED from Desktop\YangTalkback_NR\AndroidManifest.xml:78:13-40
activity#yangTalkback.Act.actMenu1
ADDED from Desktop\YangTalkback_NR\AndroidManifest.xml:80:9-82:61
	android:screenOrientation
		ADDED from Desktop\YangTalkback_NR\AndroidManifest.xml:82:13-49
	android:name
		ADDED from Desktop\YangTalkback_NR\AndroidManifest.xml:81:13-37
activity#yangTalkback.Act.actSetting
ADDED from Desktop\YangTalkback_NR\AndroidManifest.xml:83:9-85:61
	android:screenOrientation
		ADDED from Desktop\YangTalkback_NR\AndroidManifest.xml:85:13-49
	android:name
		ADDED from Desktop\YangTalkback_NR\AndroidManifest.xml:84:13-39
activity#yangTalkback.Act.actTest
ADDED from Desktop\YangTalkback_NR\AndroidManifest.xml:86:9-88:61
	android:screenOrientation
		ADDED from Desktop\YangTalkback_NR\AndroidManifest.xml:88:13-49
	android:name
		ADDED from Desktop\YangTalkback_NR\AndroidManifest.xml:87:13-36
activity#yangTalkback.Act.actGoTalkbackActivity
ADDED from Desktop\YangTalkback_NR\AndroidManifest.xml:89:9-91:61
	android:screenOrientation
		ADDED from Desktop\YangTalkback_NR\AndroidManifest.xml:91:13-49
	android:name
		ADDED from Desktop\YangTalkback_NR\AndroidManifest.xml:90:13-50
service#yangTalkback.Act.AppStatusService
ADDED from Desktop\YangTalkback_NR\AndroidManifest.xml:93:9-61
	android:name
		ADDED from Desktop\YangTalkback_NR\AndroidManifest.xml:93:18-50
service#com.example.volumekey.VolumeService
ADDED from Desktop\YangTalkback_NR\AndroidManifest.xml:94:9-71
	android:name
		ADDED from Desktop\YangTalkback_NR\AndroidManifest.xml:94:18-68
receiver#yangTalkback.Act.BootBroadcastReceiver
ADDED from Desktop\YangTalkback_NR\AndroidManifest.xml:96:9-105:20
	android:name
		ADDED from Desktop\YangTalkback_NR\AndroidManifest.xml:96:19-56
intent-filter#action:name:android.intent.action.ACTION_SHUTDOWN+action:name:android.intent.action.BOOT_COMPLETED+action:name:android.intent.action.QUICKBOOT_POWEROFF+action:name:android.intent.action.QUICKBOOT_POWERON+category:name:android.intent.category.HOME
ADDED from Desktop\YangTalkback_NR\AndroidManifest.xml:97:13-104:29
action#android.intent.action.QUICKBOOT_POWERON
ADDED from Desktop\YangTalkback_NR\AndroidManifest.xml:98:17-89
	android:name
		ADDED from Desktop\YangTalkback_NR\AndroidManifest.xml:98:25-79
action#android.intent.action.QUICKBOOT_POWEROFF
ADDED from Desktop\YangTalkback_NR\AndroidManifest.xml:99:17-90
	android:name
		ADDED from Desktop\YangTalkback_NR\AndroidManifest.xml:99:25-80
action#android.intent.action.BOOT_COMPLETED
ADDED from Desktop\YangTalkback_NR\AndroidManifest.xml:100:17-86
	android:name
		ADDED from Desktop\YangTalkback_NR\AndroidManifest.xml:100:25-76
action#android.intent.action.ACTION_SHUTDOWN
ADDED from Desktop\YangTalkback_NR\AndroidManifest.xml:101:17-80
	android:name
		ADDED from Desktop\YangTalkback_NR\AndroidManifest.xml:101:25-77
category#android.intent.category.HOME
ADDED from Desktop\YangTalkback_NR\AndroidManifest.xml:103:17-73
	android:name
		ADDED from Desktop\YangTalkback_NR\AndroidManifest.xml:103:27-70
service#com.amap.api.location.APSService
ADDED from Desktop\YangTalkback_NR\AndroidManifest.xml:108:9-76
	android:name
		ADDED from Desktop\YangTalkback_NR\AndroidManifest.xml:108:18-65
receiver#yangTalkback.MediaButtonReceiver
ADDED from Desktop\YangTalkback_NR\AndroidManifest.xml:110:9-115:20
	android:name
		ADDED from Desktop\YangTalkback_NR\AndroidManifest.xml:110:19-66
intent-filter#action:name:android.intent.action.MEDIA_BUTTON
ADDED from Desktop\YangTalkback_NR\AndroidManifest.xml:111:13-114:29
	android:priority
		ADDED from Desktop\YangTalkback_NR\AndroidManifest.xml:111:28-51
action#android.intent.action.MEDIA_BUTTON
ADDED from Desktop\YangTalkback_NR\AndroidManifest.xml:112:17-113:26
	android:name
		ADDED from Desktop\YangTalkback_NR\AndroidManifest.xml:112:25-74
uses-permission#com.android.launcher.permission.INSTALL_SHORTCUT
ADDED from [com.liuguodong:buglib:1.0.3] AndroidManifest.xml:15:5-88
	android:name
		ADDED from [com.liuguodong:buglib:1.0.3] AndroidManifest.xml:15:22-85
uses-permission#android.permission.CHANGE_CONFIGURATION
ADDED from [com.liuguodong:buglib:1.0.3] AndroidManifest.xml:17:5-79
	android:name
		ADDED from [com.liuguodong:buglib:1.0.3] AndroidManifest.xml:17:22-76
uses-permission#android.permission.READ_CONTACTS
ADDED from [com.liuguodong:buglib:1.0.3] AndroidManifest.xml:18:5-72
	android:name
		ADDED from [com.liuguodong:buglib:1.0.3] AndroidManifest.xml:18:22-69
uses-feature#android.hardware.wifi
ADDED from [com.liuguodong:buglib:1.0.3] AndroidManifest.xml:26:5-58
	android:name
		ADDED from [com.liuguodong:buglib:1.0.3] AndroidManifest.xml:26:19-55
uses-permission#android.permission.CHANGE_WIFI_MULTICAST_STATE
ADDED from [com.liuguodong:buglib:1.0.3] AndroidManifest.xml:30:5-86
	android:name
		ADDED from [com.liuguodong:buglib:1.0.3] AndroidManifest.xml:30:22-83
uses-permission#android.permission.CHANGE_NETWORK_STATE
ADDED from [com.liuguodong:buglib:1.0.3] AndroidManifest.xml:31:5-79
	android:name
		ADDED from [com.liuguodong:buglib:1.0.3] AndroidManifest.xml:31:22-76
uses-permission#android.permission.WRITE_CONTACTS
ADDED from [com.liuguodong:buglib:1.0.3] AndroidManifest.xml:32:5-73
	android:name
		ADDED from [com.liuguodong:buglib:1.0.3] AndroidManifest.xml:32:22-70
service#com.lgd.buglib.service.BugUploadIntentService
ADDED from [com.liuguodong:buglib:1.0.3] AndroidManifest.xml:37:9-39:40
	android:exported
		ADDED from [com.liuguodong:buglib:1.0.3] AndroidManifest.xml:39:13-37
	android:name
		ADDED from [com.liuguodong:buglib:1.0.3] AndroidManifest.xml:38:13-73